<?xml version="1.0" encoding="UTF-8"?>
<!-- Generated by org.testng.reporters.JUnitReportReporter -->
<testsuite hostname="Amals_HP_Envy" failures="0" tests="7" name="opencart.testcases.ApplicationTest" time="17.398" errors="0" timestamp="2025-04-10T20:55:28 EDT" skipped="0">
  <testcase classname="opencart.testcases.ApplicationTest" name="launchBrowserTest" time="0.270"/>
  <system-out/>
  <testcase classname="opencart.testcases.ApplicationTest" name="login" time="1.814"/>
  <system-out/>
  <testcase classname="opencart.testcases.ApplicationTest" name="browseProduct" time="2.042"/>
  <system-out/>
  <testcase classname="opencart.testcases.ApplicationTest" name="addProductToCart" time="3.328"/>
  <system-out/>
  <testcase classname="opencart.testcases.ApplicationTest" name="addProductToCart" time="3.310"/>
  <system-out/>
  <testcase classname="opencart.testcases.ApplicationTest" name="addProductToCart" time="3.311"/>
  <system-out/>
  <testcase classname="opencart.testcases.ApplicationTest" name="addProductToCart" time="3.323"/>
  <system-out/>
</testsuite> <!-- opencart.testcases.ApplicationTest -->
