<?xml version="1.0" encoding="UTF-8"?>
<!-- Generated by org.testng.reporters.JUnitReportReporter -->
<testsuite hostname="Amals_HP_Envy" failures="0" tests="1" name="opencart.testcases.LoginTest" time="2.014" errors="0" timestamp="2025-04-09T19:46:23 EDT" skipped="0">
  <testcase classname="opencart.testcases.LoginTest" name="login" time="2.014"/>
  <system-out/>
</testsuite> <!-- opencart.testcases.LoginTest -->
